<?xml version="1.0" encoding="UTF-8"?>
<testng-results ignored="11" total="12" passed="1" failed="0" skipped="0">
  <reporter-output>
  </reporter-output>
  <suite started-at="2025-11-03T17:50:20 IST" name="Default suite" finished-at="2025-11-03T17:50:43 IST" duration-ms="22686">
    <groups>
      <group name="system">
        <method signature="AddProductTest.displayProductInManufacturerLogin()[pri:0, instance:com.client.SalesInventory.Addproduct.AddProductTest@40005471]" name="displayProductInManufacturerLogin" class="com.client.SalesInventory.Addproduct.AddProductTest"/>
      </group> <!-- system -->
    </groups>
    <test started-at="2025-11-03T17:50:20 IST" name="Default test" finished-at="2025-11-03T17:50:43 IST" duration-ms="22686">
      <class name="com.client.SalesInventory.Addproduct.AddProductTest">
        <test-method is-config="true" signature="beforeSuitConfigMethod()[pri:0, instance:com.client.SalesInventory.Addproduct.AddProductTest@40005471]" started-at="2025-11-03T17:50:20 IST" name="beforeSuitConfigMethod" finished-at="2025-11-03T17:50:20 IST" duration-ms="25" status="PASS">
          <reporter-output>
          </reporter-output>
        </test-method> <!-- beforeSuitConfigMethod -->
        <test-method is-config="true" signature="beforeClassConfigMethod(org.testng.xml.XmlTest)[pri:0, instance:com.client.SalesInventory.Addproduct.AddProductTest@40005471]" started-at="2025-11-03T17:50:20 IST" name="beforeClassConfigMethod" finished-at="2025-11-03T17:50:30 IST" duration-ms="9433" status="PASS">
          <params>
            <param index="0">
              <value>
                <![CDATA[org.testng.xml.XmlTest@c087f7f9]]>
              </value>
            </param>
          </params>
          <reporter-output>
          </reporter-output>
        </test-method> <!-- beforeClassConfigMethod -->
        <test-method is-config="true" signature="configBM()[pri:0, instance:com.client.SalesInventory.Addproduct.AddProductTest@40005471]" started-at="2025-11-03T17:50:30 IST" name="configBM" finished-at="2025-11-03T17:50:31 IST" duration-ms="1056" status="PASS">
          <reporter-output>
          </reporter-output>
        </test-method> <!-- configBM -->
        <test-method signature="displayProductInManufacturerLogin()[pri:0, instance:com.client.SalesInventory.Addproduct.AddProductTest@40005471]" started-at="2025-11-03T17:50:31 IST" name="displayProductInManufacturerLogin" finished-at="2025-11-03T17:50:38 IST" duration-ms="7375" status="PASS">
          <reporter-output>
          </reporter-output>
        </test-method> <!-- displayProductInManufacturerLogin -->
        <test-method is-config="true" signature="configAM()[pri:0, instance:com.client.SalesInventory.Addproduct.AddProductTest@40005471]" started-at="2025-11-03T17:50:38 IST" name="configAM" finished-at="2025-11-03T17:50:40 IST" duration-ms="2198" status="PASS">
          <reporter-output>
          </reporter-output>
        </test-method> <!-- configAM -->
        <test-method is-config="true" signature="afterClassConfigMethod()[pri:0, instance:com.client.SalesInventory.Addproduct.AddProductTest@40005471]" started-at="2025-11-03T17:50:40 IST" name="afterClassConfigMethod" finished-at="2025-11-03T17:50:43 IST" duration-ms="2508" status="PASS">
          <reporter-output>
          </reporter-output>
        </test-method> <!-- afterClassConfigMethod -->
        <test-method is-config="true" signature="afterSuiteConfigMethod()[pri:0, instance:com.client.SalesInventory.Addproduct.AddProductTest@40005471]" started-at="2025-11-03T17:50:43 IST" name="afterSuiteConfigMethod" finished-at="2025-11-03T17:50:43 IST" duration-ms="2" status="PASS">
          <reporter-output>
          </reporter-output>
        </test-method> <!-- afterSuiteConfigMethod -->
      </class> <!-- com.client.SalesInventory.Addproduct.AddProductTest -->
    </test> <!-- Default test -->
  </suite> <!-- Default suite -->
</testng-results>
