<?xml version="1.0" encoding="UTF-8"?>
<!-- Generated by org.testng.reporters.JUnitReportReporter -->
<testsuite hostname="DESKTOP-AD0OTFU" failures="0" tests="1" name="com.client.SalesInventory.Addproduct.AddProductTest" time="10.629" errors="0" timestamp="2025-11-03T17:50:44 IST" skipped="0">
  <testcase classname="com.client.SalesInventory.Addproduct.AddProductTest" name="displayProductInManufacturerLogin" time="10.629"/>
</testsuite> <!-- com.client.SalesInventory.Addproduct.AddProductTest -->
