<?xml version="1.0" encoding="UTF-8"?>
<!-- Generated by org.testng.reporters.JUnitXMLReporter -->
<testsuite ignored="11" hostname="DESKTOP-AD0OTFU" failures="0" tests="1" name="Default test" time="22.686" errors="0" timestamp="2025-11-03T17:50:43 IST">
  <testcase classname="com.client.SalesInventory.Addproduct.AddProductTest" name="displayProductInManufacturerLogin" time="7.375"/>
  <testcase classname="com.client.SalesInventory.Addproduct.AddProductTest" name="addproductWithoutdesc" time="0.0">
    <ignored/>
  </testcase> <!-- addproductWithoutdesc -->
  <testcase classname="com.client.SalesInventory.Addproduct.AddProductTest" name="addProductTest" time="0.0">
    <ignored/>
  </testcase> <!-- addProductTest -->
  <testcase classname="com.client.SalesInventory.Addproduct.AddProductTest" name="addProductwithoutSelectingUnit" time="0.0">
    <ignored/>
  </testcase> <!-- addProductwithoutSelectingUnit -->
  <testcase classname="com.client.SalesInventory.Addproduct.AddProductTest" name="checkAddedProduct" time="0.0">
    <ignored/>
  </testcase> <!-- checkAddedProduct -->
  <testcase classname="com.client.SalesInventory.Addproduct.AddProductTest" name="displayProductInRetailerLogin" time="0.0">
    <ignored/>
  </testcase> <!-- displayProductInRetailerLogin -->
  <testcase classname="com.client.SalesInventory.Addproduct.AddProductTest" name="logoutFromProductPage" time="0.0">
    <ignored/>
  </testcase> <!-- logoutFromProductPage -->
  <testcase classname="com.client.SalesInventory.Addproduct.AddProductTest" name="addProductwithoutEnteringPrice" time="0.0">
    <ignored/>
  </testcase> <!-- addProductwithoutEnteringPrice -->
  <testcase classname="com.client.SalesInventory.Addproduct.AddProductTest" name="productPageDisplay" time="0.0">
    <ignored/>
  </testcase> <!-- productPageDisplay -->
  <testcase classname="com.client.SalesInventory.Addproduct.AddProductTest" name="checkDeleteProduct" time="0.0">
    <ignored/>
  </testcase> <!-- checkDeleteProduct -->
  <testcase classname="com.client.SalesInventory.Addproduct.AddProductTest" name="addProductwithoutSelectingStock" time="0.0">
    <ignored/>
  </testcase> <!-- addProductwithoutSelectingStock -->
  <testcase classname="com.client.SalesInventory.Addproduct.AddProductTest" name="verifyEditProduct" time="0.0">
    <ignored/>
  </testcase> <!-- verifyEditProduct -->
</testsuite> <!-- Default test -->
